Please wait 1 Raptor cards flash upgrading ....

0000: 0x88
0001: 0x80
0002: 0x01
0003: 0x10
0004: 0x06
0005: 0x04
0006: 0x10
0007: 0x00
0008: 0x03
0009: 0x00
0010: 0x00
0011: 0x02
0012: 0x10
0013: 0x00
0014: 0x80
0015: 0x00
0016: 0x04
0017: 0x00
0018: 0x12
0019: 0xdf
0020: 0x00
0021: 0x00
0022: 0x00
0023: 0x00
0024: 0x00
0025: 0x00
0026: 0x00
0027: 0x00
0028: 0x00
0029: 0x00
0030: 0x00
0031: 0x00
0032: 0x04
0033: 0x40
0034: 0x14
0035: 0xdf
0036: 0x00
0037: 0x00
0038: 0x00
0039: 0x00
0040: 0x00
0041: 0x00
0042: 0x00
0043: 0x00
0044: 0x88
0045: 0x80
0046: 0x00
0047: 0x00
0048: 0x00
0049: 0x00
0050: 0x08
0051: 0xdf
0052: 0x40
0053: 0x00
0054: 0x00
0055: 0x00
0056: 0x00
0057: 0x00
0058: 0x00
0059: 0x00
0060: 0x0a
0061: 0x01
0062: 0x00
0063: 0x00
0064: 0x01
0065: 0x50
0066: 0xc3
0067: 0xc9
0068: 0x00
0069: 0x00
0070: 0x00
0071: 0x00
0072: 0x00
0073: 0x00
0074: 0x00
0075: 0x00
0076: 0x00
0077: 0x00
0078: 0x00
0079: 0x00
0080: 0x05
0081: 0x70
0082: 0x80
0083: 0x01
0084: 0x00
0085: 0x00
0086: 0x00
0087: 0x00
0088: 0x00
0089: 0x00
0090: 0x00
0091: 0x00
0092: 0x00
0093: 0x00
0094: 0x00
0095: 0x00
0096: 0x00
0097: 0x00
0098: 0x00
0099: 0x00
0100: 0x00
0101: 0x00
0102: 0x00
0103: 0x00
0104: 0x00
0105: 0x00
0106: 0x00
0107: 0x00
0108: 0x00
0109: 0x00
0110: 0x00
0111: 0x00
0112: 0x10
0113: 0xb0
0114: 0x02
0115: 0x00
0116: 0xe2
0117: 0x8f
0118: 0x2c
0119: 0x11
0120: 0x3f
0121: 0x19
0122: 0x19
0123: 0x00
0124: 0x83
0125: 0x3c
0126: 0x41
0127: 0x00
0128: 0x40
0129: 0x00
0130: 0x83
0131: 0x10
0132: 0x00
0133: 0x00
0134: 0x00
0135: 0x00
0136: 0x00
0137: 0x00
0138: 0x00
0139: 0x00
0140: 0x00
0141: 0x00
0142: 0x00
0143: 0x00
0144: 0x00
0145: 0x00
0146: 0x00
0147: 0x00
0148: 0x10
0149: 0x10
0150: 0x00
0151: 0x00
0152: 0x00
0153: 0x00
0154: 0x00
0155: 0x00
0156: 0x0e
0157: 0x00
0158: 0x00
0159: 0x00
0160: 0x03
0161: 0x00
0162: 0x1e
0163: 0x00
0164: 0x00
0165: 0x00
0166: 0x00
0167: 0x00
0168: 0x00
0169: 0x00
0170: 0x00
0171: 0x00
0172: 0x00
0173: 0x00
0174: 0x00
0175: 0x00
0176: 0x11
0177: 0xd0
0178: 0x3f
0179: 0x80
0180: 0x04
0181: 0x00
0182: 0x00
0183: 0x00
0184: 0x04
0185: 0x20
0186: 0x00
0187: 0x00
0188: 0x00
0189: 0x00
0190: 0x00
0191: 0x00
0192: 0x00
0193: 0x00
0194: 0x00
0195: 0x00
0196: 0x00
0197: 0x00
0198: 0x00
0199: 0x00
0200: 0x00
0201: 0x00
0202: 0x00
0203: 0x00
0204: 0x00
0205: 0x00
0206: 0x00
0207: 0x00
0208: 0x03
0209: 0x00
0210: 0x00
0211: 0x00
0212: 0x00
0213: 0x00
0214: 0x00
0215: 0x00
0216: 0x00
0217: 0x00
0218: 0x00
0219: 0x00
0220: 0x00
0221: 0x00
0222: 0x00
0223: 0x00
0224: 0x00
0225: 0x00
0226: 0x00
0227: 0x00
0228: 0x00
0229: 0x00
0230: 0x00
0231: 0x00
0232: 0x00
0233: 0x00
0234: 0x00
0235: 0x00
0236: 0x00
0237: 0x00
0238: 0x00
0239: 0x00
0240: 0x00
0241: 0x00
0242: 0x00
0243: 0x00
0244: 0x00
0245: 0x00
0246: 0x00
0247: 0x00
0248: 0x00
0249: 0x00
0250: 0x00
0251: 0x00
0252: 0x00
0253: 0x00
0254: 0x00
0255: 0x00
0256: 0x01
0257: 0x00
0258: 0x82
0259: 0x14
0260: 0x00
0261: 0x00
0262: 0x00
0263: 0x00
0264: 0x00
0265: 0x00
0266: 0x40
0267: 0x00
0268: 0x30
0269: 0x20
0270: 0x46
0271: 0x00
0272: 0x00
0273: 0x20
0274: 0x00
0275: 0x00
0276: 0x00
0277: 0xe0
0278: 0x00
0279: 0x00
0280: 0xa0
0281: 0x00
0282: 0x00
0283: 0x00
0284: 0x00
0285: 0x00
0286: 0x00
0287: 0x00
0288: 0x00
0289: 0x00
0290: 0x00
0291: 0x00
0292: 0x00
0293: 0x00
0294: 0x00
0295: 0x00
0296: 0x00
0297: 0x00
0298: 0x00
0299: 0x00
0300: 0x00
0301: 0x00
0302: 0x00
0303: 0x00
0304: 0x00
0305: 0x00
0306: 0x00
0307: 0x00
0308: 0x00
0309: 0x00
0310: 0x00
0311: 0x00
0312: 0x00
0313: 0x00
0314: 0x00
0315: 0x00
0316: 0x00
0317: 0x00
0318: 0x00
0319: 0x00
0320: 0x00
0321: 0x00
0322: 0x00
0323: 0x00
0324: 0x00
0325: 0x00
0326: 0x00
0327: 0x00
0328: 0x0e
0329: 0x00
0330: 0x81
0331: 0x15
0332: 0x00
0333: 0x01
0334: 0x00
0335: 0x00
0336: 0x00
0337: 0x00
0338: 0x00
0339: 0x00
0340: 0x00
0341: 0x00
0342: 0x00
0343: 0x00
0344: 0x19
0345: 0x00
0346: 0x81
0347: 0x17
0348: 0x00
0349: 0x00
0350: 0x00
0351: 0x00
0352: 0x00
0353: 0x00
0354: 0x00
0355: 0x00
0356: 0x00
0357: 0x27
0358: 0x00
0359: 0x27
0360: 0x00
0361: 0x27
0362: 0x00
0363: 0x27
0364: 0x00
0365: 0x27
0366: 0x00
0367: 0x27
0368: 0x00
0369: 0x27
0370: 0x00
0371: 0x27
0372: 0x00
0373: 0x00
0374: 0x00
0375: 0x00
0376: 0x10
0377: 0x00
0378: 0x81
0379: 0x1b
0380: 0x02
0381: 0x00
0382: 0x00
0383: 0x00
0384: 0x00
0385: 0x00
0386: 0x00
0387: 0x00
0388: 0x40
0389: 0x00
0390: 0x40
0391: 0x00
0392: 0x00
0393: 0x00
0394: 0x00
0395: 0x00
0396: 0x00
0397: 0x01
0398: 0x02
0399: 0x00
0400: 0x00
0401: 0x00
0402: 0x00
0403: 0x10
0404: 0x53
0405: 0x05
0406: 0x00
0407: 0x00
0408: 0x01
0409: 0x00
0410: 0x00
0411: 0x00
0412: 0x04
0413: 0x00
0414: 0x00
0415: 0x00
0416: 0x00
0417: 0x00
0418: 0x00
0419: 0x00
0420: 0x00
0421: 0x00
0422: 0x00
0423: 0x00
0424: 0x00
0425: 0x00
0426: 0x00
0427: 0x00
0428: 0x04
0429: 0x00
0430: 0x00
0431: 0x00
0432: 0x00
0433: 0x00
0434: 0x00
0435: 0x00
0436: 0x00
0437: 0x00
0438: 0x00
0439: 0x00
0440: 0x17
0441: 0x00
0442: 0x41
0443: 0x24
0444: 0x05
0445: 0x00
0446: 0x00
0447: 0x00
0448: 0x00
0449: 0x00
0450: 0x00
0451: 0x00
0452: 0x00
0453: 0x00
0454: 0x00
0455: 0x00
0456: 0x00
0457: 0x00
0458: 0x00
0459: 0x00
0460: 0x00
0461: 0x00
0462: 0x00
0463: 0x00
0464: 0x00
0465: 0x00
0466: 0x00
0467: 0x00
0468: 0x00
0469: 0x00
0470: 0x00
0471: 0x00
0472: 0x00
0473: 0x00
0474: 0x00
0475: 0x00
0476: 0x00
0477: 0x00
0478: 0x00
0479: 0x00
0480: 0x00
0481: 0x00
0482: 0x00
0483: 0x00
0484: 0x00
0485: 0x00
0486: 0x00
0487: 0x00
0488: 0x00
0489: 0x00
0490: 0x00
0491: 0x00
0492: 0x00
0493: 0x00
0494: 0x00
0495: 0x00
0496: 0x00
0497: 0x00
0498: 0x00
0499: 0x00
0500: 0x00
0501: 0x00
0502: 0x00
0503: 0x00
0504: 0x00
0505: 0x00
0506: 0x00
0507: 0x00
0508: 0x00
0509: 0x00
0510: 0x00
0511: 0x00
0512: 0x00
0513: 0x00
0514: 0x00
0515: 0x00
0516: 0x00
0517: 0x00
0518: 0x00
0519: 0x00
0520: 0x00
0521: 0x00
0522: 0x00
0523: 0x00
0524: 0x00
0525: 0x00
0526: 0x00
0527: 0x00
0528: 0x00
0529: 0x00
0530: 0x00
0531: 0x00
0532: 0x00
0533: 0x00
0534: 0x00
0535: 0x00
0536: 0x00
0537: 0x00
0538: 0x00
0539: 0x00
0540: 0x00
0541: 0x00
0542: 0x00
0543: 0x00
0544: 0x00
0545: 0x00
0546: 0x00
0547: 0x00
0548: 0x00
0549: 0x00
0550: 0x00
0551: 0x00
0552: 0x00
0553: 0x00
0554: 0x00
0555: 0x00
0556: 0x00
0557: 0x00
0558: 0x00
0559: 0x00
0560: 0x00
0561: 0x00
0562: 0x00
0563: 0x00
0564: 0x00
0565: 0x00
0566: 0x00
0567: 0x00
0568: 0x00
0569: 0x00
0570: 0x00
0571: 0x00
0572: 0x00
0573: 0x00
0574: 0x00
0575: 0x00
0576: 0x00
0577: 0x00
0578: 0x00
0579: 0x00
0580: 0x0b
0581: 0x00
0582: 0x01
0583: 0x00
0584: 0x01
0585: 0x00
0586: 0x81
0587: 0x03
0588: 0x00
0589: 0x00
0590: 0x00
0591: 0x00
0592: 0x10
0593: 0x00
0594: 0x00
0595: 0x00
0596: 0x00
0597: 0x00
0598: 0x00
0599: 0x00
0600: 0x10
0601: 0x00
0602: 0x00
0603: 0x00
0604: 0x00
0605: 0x00
0606: 0x00
0607: 0x00
0608: 0x00
0609: 0x00
0610: 0x00
0611: 0x00
0612: 0xc0
0613: 0x00
0614: 0xc0
0615: 0x00
0616: 0xc0
0617: 0x00
0618: 0xc0
0619: 0x00
0620: 0x01
0621: 0x00
0622: 0x00
0623: 0x00
0624: 0x00
0625: 0x00
0626: 0x00
0627: 0x00
0628: 0x00
0629: 0x00
0630: 0x00
0631: 0x00
0632: 0x00
0633: 0x00
0634: 0x00
0635: 0x00
0636: 0x00
0637: 0x00
0638: 0x00
0639: 0x00
0640: 0x00
0641: 0x00
0642: 0x00
0643: 0x00
0644: 0x00
0645: 0x00
0646: 0x00
0647: 0x00
0648: 0x00
0649: 0x00
0650: 0x00
0651: 0x00
0652: 0x00
0653: 0x00
0654: 0x00
0655: 0x00
0656: 0x00
0657: 0x00
0658: 0x00
0659: 0x00
0660: 0x00
0661: 0x00
0662: 0x00
0663: 0x00
0664: 0x00
0665: 0x00
0666: 0x00
0667: 0x00
0668: 0x00
0669: 0x00
0670: 0x00
0671: 0x00
0672: 0x00
0673: 0x00
0674: 0x00
0675: 0x00
0676: 0x00
0677: 0x00
0678: 0x00
0679: 0x00
0680: 0x00
0681: 0x00
0682: 0x00
0683: 0x00
0684: 0x00
0685: 0x00
0686: 0x00
0687: 0x00
0688: 0x00
0689: 0x00
0690: 0x00
0691: 0x00
0692: 0x00
0693: 0x00
0694: 0x00
0695: 0x00
0696: 0x00
0697: 0x00
0698: 0x00
0699: 0x00
0700: 0x00
0701: 0x00
0702: 0x00
0703: 0x00
0704: 0x00
0705: 0x00
0706: 0x00
0707: 0x00
0708: 0x00
0709: 0x00
0710: 0x00
0711: 0x00
0712: 0x00
0713: 0x00
0714: 0x00
0715: 0x00
0716: 0x00
0717: 0x00
0718: 0x00
0719: 0x00
0720: 0x00
0721: 0x00
0722: 0x00
0723: 0x00
0724: 0x00
0725: 0x00
0726: 0x00
0727: 0x00
0728: 0x00
0729: 0x00
0730: 0x00
0731: 0x00
0732: 0x00
0733: 0x00
0734: 0x00
0735: 0x00
0736: 0x00
0737: 0x00
0738: 0x00
0739: 0x00
0740: 0x00
0741: 0x00
0742: 0x00
0743: 0x00
0744: 0x00
0745: 0x00
0746: 0x00
0747: 0x00
0748: 0x00
0749: 0x00
0750: 0x00
0751: 0x00
0752: 0x00
0753: 0x00
0754: 0x00
0755: 0x00
0756: 0x00
0757: 0x00
0758: 0x00
0759: 0x00
0760: 0x00
0761: 0x00
0762: 0x00
0763: 0x00
0764: 0x00
0765: 0x00
0766: 0x00
0767: 0x00
0768: 0x00
0769: 0x00
0770: 0x00
0771: 0x00
0772: 0x00
0773: 0x00
0774: 0x00
0775: 0x00
0776: 0x00
0777: 0x00
0778: 0x00
0779: 0x00
0780: 0x00
0781: 0x00
0782: 0x00
0783: 0x00
0784: 0x00
0785: 0x00
0786: 0x00
0787: 0x00
0788: 0x00
0789: 0x00
0790: 0x00
0791: 0x00
0792: 0x00
0793: 0x00
0794: 0x00
0795: 0x00
0796: 0x00
0797: 0x00
0798: 0x00
0799: 0x00
0800: 0x00
0801: 0x00
0802: 0x00
0803: 0x00
0804: 0x00
0805: 0x00
0806: 0x00
0807: 0x00
0808: 0x00
0809: 0x00
0810: 0x00
0811: 0x00
0812: 0x00
0813: 0x00
0814: 0x00
0815: 0x00
0816: 0x00
0817: 0x00
0818: 0x00
0819: 0x00
0820: 0x00
0821: 0x00
0822: 0x00
0823: 0x00
0824: 0x00
0825: 0x00
0826: 0x00
0827: 0x00
0828: 0x00
0829: 0x00
0830: 0x00
0831: 0x00
0832: 0x00
0833: 0x00
0834: 0x00
0835: 0x00
0836: 0x00
0837: 0x00
0838: 0x00
0839: 0x00
0840: 0x00
0841: 0x00
0842: 0x00
0843: 0x00
0844: 0x00
0845: 0x00
0846: 0x00
0847: 0x00
0848: 0x00
0849: 0x00
0850: 0x00
0851: 0x00
0852: 0x00
0853: 0x00
0854: 0x00
0855: 0x00
0856: 0x00
0857: 0x00
0858: 0x00
0859: 0x00
0860: 0x00
0861: 0x00
0862: 0x00
0863: 0x00
0864: 0x00
0865: 0x00
0866: 0x00
0867: 0x00
0868: 0x00
0869: 0x00
0870: 0x00
0871: 0x00
0872: 0x00
0873: 0x00
0874: 0x00
0875: 0x00
0876: 0x00
0877: 0x00
0878: 0x00
0879: 0x00
0880: 0x00
0881: 0x00
0882: 0x00
0883: 0x00
0884: 0x00
0885: 0x00
0886: 0x00
0887: 0x00
0888: 0x00
0889: 0x00
0890: 0x00
0891: 0x00
0892: 0x00
0893: 0x00
0894: 0x00
0895: 0x00
0896: 0x00
0897: 0x00
0898: 0x00
0899: 0x00
0900: 0x00
0901: 0x00
0902: 0x00
0903: 0x00
0904: 0x00
0905: 0x00
0906: 0x00
0907: 0x00
0908: 0x00
0909: 0x00
0910: 0x00
0911: 0x00
0912: 0x00
0913: 0x00
0914: 0x00
0915: 0x00
0916: 0x00
0917: 0x00
0918: 0x00
0919: 0x00
0920: 0x00
0921: 0x00
0922: 0x00
0923: 0x00
0924: 0x00
0925: 0x00
0926: 0x00
0927: 0x00
0928: 0x00
0929: 0x00
0930: 0x00
0931: 0x00
0932: 0x00
0933: 0x00
0934: 0x00
0935: 0x00
0936: 0x00
0937: 0x00
0938: 0x00
0939: 0x00
0940: 0x00
0941: 0x00
0942: 0x00
0943: 0x00
0944: 0x00
0945: 0x00
0946: 0x00
0947: 0x00
0948: 0x00
0949: 0x00
0950: 0x00
0951: 0x00
0952: 0x00
0953: 0x00
0954: 0x00
0955: 0x00
0956: 0x00
0957: 0x00
0958: 0x00
0959: 0x00
0960: 0x00
0961: 0x00
0962: 0x00
0963: 0x00
0964: 0x00
0965: 0x00
0966: 0x00
0967: 0x00
0968: 0x00
0969: 0x00
0970: 0x00
0971: 0x00
0972: 0x00
0973: 0x00
0974: 0x00
0975: 0x00
0976: 0x00
0977: 0x00
0978: 0x00
0979: 0x00
0980: 0x00
0981: 0x00
0982: 0x00
0983: 0x00
0984: 0x00
0985: 0x00
0986: 0x00
0987: 0x00
0988: 0x00
0989: 0x00
0990: 0x00
0991: 0x00
0992: 0x00
0993: 0x00
0994: 0x00
0995: 0x00
0996: 0x00
0997: 0x00
0998: 0x00
0999: 0x00
1000: 0x00
1001: 0x00
1002: 0x00
1003: 0x00
1004: 0x00
1005: 0x00
1006: 0x00
1007: 0x00
1008: 0x00
1009: 0x00
1010: 0x00
1011: 0x00
1012: 0x00
1013: 0x00
1014: 0x00
1015: 0x00
1016: 0x00
1017: 0x00
1018: 0x00
1019: 0x00
1020: 0x00
1021: 0x00
1022: 0x00
1023: 0x00
1024: 0x00
1025: 0x00
1026: 0x00
1027: 0x00
1028: 0x00
1029: 0x00
1030: 0x00
1031: 0x00
1032: 0x00
1033: 0x00
1034: 0x00
1035: 0x00
1036: 0x00
1037: 0x00
1038: 0x00
1039: 0x00
1040: 0x00
1041: 0x00
1042: 0x00
1043: 0x00
1044: 0x00
1045: 0x00
1046: 0x00
1047: 0x00
1048: 0x00
1049: 0x00
1050: 0x00
1051: 0x00
1052: 0x00
1053: 0x00
1054: 0x00
1055: 0x00
1056: 0x00
1057: 0x00
1058: 0x00
1059: 0x00
1060: 0x00
1061: 0x00
1062: 0x00
1063: 0x00
1064: 0x00
1065: 0x00
1066: 0x00
1067: 0x00
1068: 0x00
1069: 0x00
1070: 0x00
1071: 0x00
1072: 0x00
1073: 0x00
1074: 0x00
1075: 0x00
1076: 0x00
1077: 0x00
1078: 0x00
1079: 0x00
1080: 0x00
1081: 0x00
1082: 0x00
1083: 0x00
1084: 0x00
1085: 0x00
1086: 0x00
1087: 0x00
1088: 0x00
1089: 0x00
1090: 0x00
1091: 0x00
1092: 0x00
1093: 0x00
1094: 0x00
1095: 0x00
1096: 0x00
1097: 0x00
1098: 0x00
1099: 0x00
1100: 0x00
1101: 0x00
1102: 0x00
1103: 0x00
1104: 0x00
1105: 0x00
1106: 0x00
1107: 0x00
1108: 0x00
1109: 0x00
1110: 0x00
1111: 0x00
1112: 0x00
1113: 0x00
1114: 0x00
1115: 0x00
1116: 0x00
1117: 0x00
1118: 0x00
1119: 0x00
1120: 0x00
1121: 0x00
1122: 0x00
1123: 0x00
1124: 0x00
1125: 0x00
1126: 0x00
1127: 0x00
1128: 0x00
1129: 0x00
1130: 0x00
1131: 0x00
1132: 0x00
1133: 0x00
1134: 0x00
1135: 0x00
1136: 0x00
1137: 0x00
1138: 0x00
1139: 0x00
1140: 0x00
1141: 0x00
1142: 0x00
1143: 0x00
1144: 0x00
1145: 0x00
1146: 0x00
1147: 0x00
1148: 0x00
1149: 0x00
1150: 0x00
1151: 0x00
1152: 0x00
1153: 0x00
1154: 0x00
1155: 0x00
1156: 0x00
1157: 0x00
1158: 0x00
1159: 0x00
1160: 0x00
1161: 0x00
1162: 0x00
1163: 0x00
1164: 0x00
1165: 0x00
1166: 0x00
1167: 0x00
1168: 0x00
1169: 0x00
1170: 0x00
1171: 0x00
1172: 0x00
1173: 0x00
1174: 0x00
1175: 0x00
1176: 0x00
1177: 0x00
1178: 0x00
1179: 0x00
1180: 0x00
1181: 0x00
1182: 0x00
1183: 0x00
1184: 0x00
1185: 0x00
1186: 0x00
1187: 0x00
1188: 0x00
1189: 0x00
1190: 0x00
1191: 0x00
1192: 0x00
1193: 0x00
1194: 0x00
1195: 0x00
1196: 0x00
1197: 0x00
1198: 0x00
1199: 0x00
1200: 0x00
1201: 0x00
1202: 0x00
1203: 0x00
1204: 0x00
1205: 0x00
1206: 0x00
1207: 0x00
1208: 0x00
1209: 0x00
1210: 0x00
1211: 0x00
1212: 0x00
1213: 0x00
1214: 0x00
1215: 0x00
1216: 0x00
1217: 0x00
1218: 0x00
1219: 0x00
1220: 0x00
1221: 0x00
1222: 0x00
1223: 0x00
1224: 0x00
1225: 0x00
1226: 0x00
1227: 0x00
1228: 0x00
1229: 0x00
1230: 0x00
1231: 0x00
1232: 0x00
1233: 0x00
1234: 0x00
1235: 0x00
1236: 0x00
1237: 0x00
1238: 0x00
1239: 0x00
1240: 0x00
1241: 0x00
1242: 0x00
1243: 0x00
1244: 0x00
1245: 0x00
1246: 0x00
1247: 0x00
1248: 0x00
1249: 0x00
1250: 0x00
1251: 0x00
1252: 0x00
1253: 0x00
1254: 0x00
1255: 0x00
1256: 0x00
1257: 0x00
1258: 0x00
1259: 0x00
1260: 0x00
1261: 0x00
1262: 0x00
1263: 0x00
1264: 0x00
1265: 0x00
1266: 0x00
1267: 0x00
1268: 0x00
1269: 0x00
1270: 0x00
1271: 0x00
1272: 0x00
1273: 0x00
1274: 0x00
1275: 0x00
1276: 0x00
1277: 0x00
1278: 0x00
1279: 0x00
1280: 0x00
1281: 0x00
1282: 0x00
1283: 0x00
1284: 0x00
1285: 0x00
1286: 0x00
1287: 0x00
1288: 0x00
1289: 0x00
1290: 0x00
1291: 0x00
1292: 0x00
1293: 0x00
1294: 0x00
1295: 0x00
1296: 0x00
1297: 0x00
1298: 0x00
1299: 0x00
1300: 0x00
1301: 0x00
1302: 0x00
1303: 0x00
1304: 0x00
1305: 0x00
1306: 0x00
1307: 0x00
1308: 0x00
1309: 0x00
1310: 0x00
1311: 0x00
1312: 0x00
1313: 0x00
1314: 0x00
1315: 0x00
1316: 0x00
1317: 0x00
1318: 0x00
1319: 0x00
1320: 0x00
1321: 0x00
1322: 0x00
1323: 0x00
1324: 0x00
1325: 0x00
1326: 0x00
1327: 0x00
1328: 0x00
1329: 0x00
1330: 0x00
1331: 0x00
1332: 0x00
1333: 0x00
1334: 0x00
1335: 0x00
1336: 0x00
1337: 0x00
1338: 0x00
1339: 0x00
1340: 0x00
1341: 0x00
1342: 0x00
1343: 0x00
1344: 0x00
1345: 0x00
1346: 0x00
1347: 0x00
1348: 0x00
1349: 0x00
1350: 0x00
1351: 0x00
1352: 0x00
1353: 0x00
1354: 0x00
1355: 0x00
1356: 0x00
1357: 0x00
1358: 0x00
1359: 0x00
1360: 0x00
1361: 0x00
1362: 0x00
1363: 0x00
1364: 0x00
1365: 0x00
1366: 0x00
1367: 0x00
1368: 0x00
1369: 0x00
1370: 0x00
1371: 0x00
1372: 0x00
1373: 0x00
1374: 0x00
1375: 0x00
1376: 0x00
1377: 0x00
1378: 0x00
1379: 0x00
1380: 0x00
1381: 0x00
1382: 0x00
1383: 0x00
1384: 0x00
1385: 0x00
1386: 0x00
1387: 0x00
1388: 0x00
1389: 0x00
1390: 0x00
1391: 0x00
1392: 0x00
1393: 0x00
1394: 0x00
1395: 0x00
1396: 0x00
1397: 0x00
1398: 0x00
1399: 0x00
1400: 0x00
1401: 0x00
1402: 0x00
1403: 0x00
1404: 0x00
1405: 0x00
1406: 0x00
1407: 0x00
1408: 0x00
1409: 0x00
1410: 0x00
1411: 0x00
1412: 0x00
1413: 0x00
1414: 0x00
1415: 0x00
1416: 0x00
1417: 0x00
1418: 0x00
1419: 0x00
1420: 0x00
1421: 0x00
1422: 0x00
1423: 0x00
1424: 0x00
1425: 0x00
1426: 0x00
1427: 0x00
1428: 0x00
1429: 0x00
1430: 0x00
1431: 0x00
1432: 0x00
1433: 0x00
1434: 0x00
1435: 0x00
1436: 0x00
1437: 0x00
1438: 0x00
1439: 0x00
1440: 0x00
1441: 0x00
1442: 0x00
1443: 0x00
1444: 0x00
1445: 0x00
1446: 0x00
1447: 0x00
1448: 0x00
1449: 0x00
1450: 0x00
1451: 0x00
1452: 0x00
1453: 0x00
1454: 0x00
1455: 0x00
1456: 0x00
1457: 0x00
1458: 0x00
1459: 0x00
1460: 0x00
1461: 0x00
1462: 0x00
1463: 0x00
1464: 0x00
1465: 0x00
1466: 0x00
1467: 0x00
1468: 0x00
1469: 0x00
1470: 0x00
1471: 0x00
1472: 0x00
1473: 0x00
1474: 0x00
1475: 0x00
1476: 0x00
1477: 0x00
1478: 0x00
1479: 0x00
1480: 0x00
1481: 0x00
1482: 0x00
1483: 0x00
1484: 0x00
1485: 0x00
1486: 0x00
1487: 0x00
1488: 0x00
1489: 0x00
1490: 0x00
1491: 0x00
1492: 0x00
1493: 0x00
1494: 0x00
1495: 0x00
1496: 0x00
1497: 0x00
1498: 0x00
1499: 0x00
1500: 0x00
1501: 0x00
1502: 0x00
1503: 0x00
1504: 0x00
1505: 0x00
1506: 0x00
1507: 0x00
1508: 0x00
1509: 0x00
1510: 0x00
1511: 0x00
1512: 0x00
1513: 0x00
1514: 0x00
1515: 0x00
1516: 0x00
1517: 0x00
1518: 0x00
1519: 0x00
1520: 0x00
1521: 0x00
1522: 0x00
1523: 0x00
1524: 0x00
1525: 0x00
1526: 0x00
1527: 0x00
1528: 0x00
1529: 0x00
1530: 0x00
1531: 0x00
1532: 0x00
1533: 0x00
1534: 0x00
1535: 0x00
1536: 0x00
1537: 0x00
1538: 0x00
1539: 0x00
1540: 0x00
1541: 0x00
1542: 0x00
1543: 0x00
1544: 0x00
1545: 0x00
1546: 0x00
1547: 0x00
1548: 0x00
1549: 0x00
1550: 0x00
1551: 0x00
1552: 0x00
1553: 0x00
1554: 0x00
1555: 0x00
1556: 0x00
1557: 0x00
1558: 0x00
1559: 0x00
1560: 0x00
1561: 0x00
1562: 0x00
1563: 0x00
1564: 0x00
1565: 0x00
1566: 0x00
1567: 0x00
1568: 0x00
1569: 0x00
1570: 0x00
1571: 0x00
1572: 0x00
1573: 0x00
1574: 0x00
1575: 0x00
1576: 0x00
1577: 0x00
1578: 0x00
1579: 0x00
1580: 0x00
1581: 0x00
1582: 0x00
1583: 0x00
1584: 0x00
1585: 0x00
1586: 0x00
1587: 0x00
1588: 0x00
1589: 0x00
1590: 0x00
1591: 0x00
1592: 0x00
1593: 0x00
1594: 0x00
1595: 0x00
1596: 0x00
1597: 0x00
1598: 0x00
1599: 0x00
1600: 0x00
1601: 0x00
1602: 0x00
1603: 0x00
1604: 0x00
1605: 0x00
1606: 0x00
1607: 0x00
1608: 0x00
1609: 0x00
1610: 0x00
1611: 0x00
1612: 0x00
1613: 0x00
1614: 0x00
1615: 0x00
1616: 0x00
1617: 0x00
1618: 0x00
1619: 0x00
1620: 0x00
1621: 0x00
1622: 0x00
1623: 0x00
1624: 0x00
1625: 0x00
1626: 0x00
1627: 0x00
1628: 0x00
1629: 0x00
1630: 0x00
1631: 0x00
1632: 0x00
1633: 0x00
1634: 0x00
1635: 0x00
1636: 0x00
1637: 0x00
1638: 0x00
1639: 0x00
1640: 0x00
1641: 0x00
1642: 0x00
1643: 0x00
1644: 0x00
1645: 0x00
1646: 0x00
1647: 0x00
1648: 0x00
1649: 0x00
1650: 0x00
1651: 0x00
1652: 0x00
1653: 0x00
1654: 0x00
1655: 0x00
1656: 0x00
1657: 0x00
1658: 0x00
1659: 0x00
1660: 0x00
1661: 0x00
1662: 0x00
1663: 0x00
1664: 0x00
1665: 0x00
1666: 0x00
1667: 0x00
1668: 0x00
1669: 0x00
1670: 0x00
1671: 0x00
1672: 0x00
1673: 0x00
1674: 0x00
1675: 0x00
1676: 0x00
1677: 0x00
1678: 0x00
1679: 0x00
1680: 0x00
1681: 0x00
1682: 0x00
1683: 0x00
1684: 0x00
1685: 0x00
1686: 0x00
1687: 0x00
1688: 0x00
1689: 0x00
1690: 0x00
1691: 0x00
1692: 0x00
1693: 0x00
1694: 0x00
1695: 0x00
1696: 0x00
1697: 0x00
1698: 0x00
1699: 0x00
1700: 0x00
1701: 0x00
1702: 0x00
1703: 0x00
1704: 0x00
1705: 0x00
1706: 0x00
1707: 0x00
1708: 0x00
1709: 0x00
1710: 0x00
1711: 0x00
1712: 0x00
1713: 0x00
1714: 0x00
1715: 0x00
1716: 0x00
1717: 0x00
1718: 0x00
1719: 0x00
1720: 0x00
1721: 0x00
1722: 0x00
1723: 0x00
1724: 0x00
1725: 0x00
1726: 0x00
1727: 0x00
1728: 0x00
1729: 0x00
1730: 0x00
1731: 0x00
1732: 0x00
1733: 0x00
1734: 0x00
1735: 0x00
1736: 0x00
1737: 0x00
1738: 0x00
1739: 0x00
1740: 0x00
1741: 0x00
1742: 0x00
1743: 0x00
1744: 0x00
1745: 0x00
1746: 0x00
1747: 0x00
1748: 0x00
1749: 0x00
1750: 0x00
1751: 0x00
1752: 0x00
1753: 0x00
1754: 0x00
1755: 0x00
1756: 0x00
1757: 0x00
1758: 0x00
1759: 0x00
1760: 0x00
1761: 0x00
1762: 0x00
1763: 0x00
1764: 0x00
1765: 0x00
1766: 0x00
1767: 0x00
1768: 0x00
1769: 0x00
1770: 0x00
1771: 0x00
1772: 0x00
1773: 0x00
1774: 0x00
1775: 0x00
1776: 0x00
1777: 0x00
1778: 0x00
1779: 0x00
1780: 0x00
1781: 0x00
1782: 0x00
1783: 0x00
1784: 0x00
1785: 0x00
1786: 0x00
1787: 0x00
1788: 0x00
1789: 0x00
1790: 0x00
1791: 0x00
1792: 0x1a
1793: 0x00
1794: 0x50
1795: 0x00
1796: 0xff
1797: 0xff
1798: 0xff
1799: 0xff
1800: 0x04
1801: 0x00
1802: 0x00
1803: 0x00
1804: 0x00
1805: 0xbe
1806: 0xbe
1807: 0x1b
1808: 0x20
1809: 0x01
1810: 0x0f
1811: 0x00
1812: 0x00
1813: 0x00
1814: 0x00
1815: 0x00
1816: 0x01
1817: 0x80
1818: 0x01
1819: 0x40
1820: 0x00
1821: 0x05
1822: 0x08
1823: 0x00
1824: 0x00
1825: 0x00
1826: 0x00
1827: 0x00
1828: 0x00
1829: 0x00
1830: 0x00
1831: 0x00
1832: 0x91
1833: 0x9e
1834: 0x21
1835: 0x01
1836: 0x10
1837: 0x00
1838: 0x00
1839: 0x08
1840: 0x8a
1841: 0x10
1842: 0x02
1843: 0x00
1844: 0x02
1845: 0x20
1846: 0x02
1847: 0x00
1848: 0xff
1849: 0xff
1850: 0x0f
1851: 0x00
1852: 0x00
1853: 0x00
1854: 0x00
1855: 0x00
1856: 0x0f
1857: 0x00
1858: 0x00
1859: 0x00
1860: 0x00
1861: 0x00
1862: 0x00
1863: 0x00
1864: 0x7f
1865: 0xf0
1866: 0x27
1867: 0x40
1868: 0x7f
1869: 0xf0
1870: 0x27
1871: 0x00
1872: 0x00
1873: 0x00
1874: 0x20
1875: 0x00
1876: 0x00
1877: 0x00
1878: 0x00
1879: 0x00
1880: 0x00
1881: 0x00
1882: 0x00
1883: 0x00
1884: 0x00
1885: 0x00
1886: 0x00
1887: 0x00
1888: 0x00
1889: 0x00
1890: 0x00
1891: 0x00
1892: 0x00
1893: 0x00
1894: 0x00
1895: 0x00
1896: 0x00
1897: 0x00
1898: 0x00
1899: 0x00
1900: 0x00
1901: 0x00
1902: 0x00
1903: 0x00
1904: 0x00
1905: 0x00
1906: 0x00
1907: 0x00
1908: 0x00
1909: 0x00
1910: 0x00
1911: 0x00
1912: 0x00
1913: 0x00
1914: 0x00
1915: 0x00
1916: 0x00
1917: 0x00
1918: 0x00
1919: 0x00
1920: 0x00
1921: 0x00
1922: 0x00
1923: 0x00
1924: 0x00
1925: 0x00
1926: 0x00
1927: 0x00
1928: 0x00
1929: 0x00
1930: 0x00
1931: 0x00
1932: 0x00
1933: 0x00
1934: 0x00
1935: 0x00
1936: 0x00
1937: 0x00
1938: 0x00
1939: 0x00
1940: 0x00
1941: 0x00
1942: 0x00
1943: 0x00
1944: 0x00
1945: 0x00
1946: 0x00
1947: 0x00
1948: 0x00
1949: 0x00
1950: 0x00
1951: 0x00
1952: 0x00
1953: 0x00
1954: 0x00
1955: 0x00
1956: 0x00
1957: 0x00
1958: 0x00
1959: 0x00
1960: 0x00
1961: 0x00
1962: 0x00
1963: 0x00
1964: 0x00
1965: 0x00
1966: 0x00
1967: 0x00
1968: 0x00
1969: 0x00
1970: 0x00
1971: 0x00
1972: 0x00
1973: 0x00
1974: 0x00
1975: 0x00
1976: 0x00
1977: 0x00
1978: 0x00
1979: 0x00
1980: 0x00
1981: 0x00
1982: 0x00
1983: 0x00
1984: 0x00
1985: 0x00
1986: 0x00
1987: 0x00
1988: 0x00
1989: 0x00
1990: 0x00
1991: 0x00
1992: 0x00
1993: 0x00
1994: 0x00
1995: 0x00
1996: 0x00
1997: 0x00
1998: 0x00
1999: 0x00
2000: 0x00
2001: 0x00
2002: 0x00
2003: 0x00
2004: 0x00
2005: 0x00
2006: 0x00
2007: 0x00
2008: 0x00
2009: 0x00
2010: 0x00
2011: 0x00
2012: 0x00
2013: 0x00
2014: 0x00
2015: 0x00
2016: 0x00
2017: 0x00
2018: 0x00
2019: 0x00
2020: 0x00
2021: 0x00
2022: 0x00
2023: 0x00
2024: 0x00
2025: 0x00
2026: 0x00
2027: 0x00
2028: 0x00
2029: 0x00
2030: 0x00
2031: 0x00
2032: 0x00
2033: 0x00
2034: 0x00
2035: 0x00
2036: 0x00
2037: 0x00
2038: 0x00
2039: 0x00
2040: 0x00
2041: 0x00
2042: 0x00
2043: 0x00
2044: 0x00
2045: 0x00
2046: 0x00
2047: 0x00
2048: 0x00
2049: 0x00
2050: 0x00
2051: 0x00
2052: 0x00
2053: 0x00
2054: 0x00
2055: 0x00
2056: 0x00
2057: 0x00
2058: 0x00
2059: 0x00
2060: 0xbe
2061: 0x08
2062: 0x00
2063: 0x00
2064: 0x00
2065: 0x00
2066: 0x00
2067: 0x00
2068: 0x00
2069: 0x00
2070: 0x00
2071: 0x00
2072: 0x00
2073: 0x00
2074: 0x00
2075: 0x00
2076: 0x00
2077: 0x00
2078: 0x00
2079: 0x00
2080: 0x00
2081: 0x00
2082: 0x00
2083: 0x00
2084: 0x00
2085: 0x00
2086: 0x00
2087: 0x00
2088: 0x00
2089: 0x00
2090: 0x00
2091: 0x00
2092: 0x00
2093: 0x00
2094: 0x00
2095: 0x00
2096: 0x00
2097: 0x00
2098: 0x00
2099: 0x00
2100: 0x00
2101: 0x00
2102: 0x00
2103: 0x00
2104: 0x00
2105: 0x00
2106: 0x00
2107: 0x00
2108: 0x00
2109: 0x00
2110: 0x00
2111: 0x00
2112: 0x00
2113: 0x00
2114: 0x00
2115: 0x00
2116: 0x00
2117: 0x00
2118: 0x00
2119: 0x00
2120: 0x00
2121: 0x00
2122: 0x00
2123: 0x00
2124: 0x00
2125: 0x00
2126: 0x00
2127: 0x00
2128: 0x00
2129: 0x00
2130: 0x00
2131: 0x00
2132: 0x00
2133: 0x00
2134: 0x00
2135: 0x00
2136: 0x00
2137: 0x00
2138: 0x00
2139: 0x00
2140: 0x00
2141: 0x00
2142: 0x00
2143: 0x00
2144: 0x00
2145: 0x00
2146: 0x00
2147: 0x00
2148: 0x00
2149: 0x00
2150: 0x00
2151: 0x00
2152: 0x00
2153: 0x00
2154: 0x00
2155: 0x00
2156: 0x00
2157: 0x00
2158: 0x00
2159: 0x00
2160: 0x00
2161: 0x00
2162: 0x00
2163: 0x00
2164: 0x00
2165: 0x00
2166: 0x00
2167: 0x00
2168: 0x00
2169: 0x00
2170: 0x00
2171: 0x00
2172: 0x00
2173: 0x00
2174: 0x00
2175: 0x00
2176: 0x00
2177: 0x00
2178: 0x00
2179: 0x00
2180: 0x00
2181: 0x00
2182: 0x00
2183: 0x00
2184: 0x00
2185: 0x00
2186: 0x00
2187: 0x00
2188: 0x01
2189: 0x00
2190: 0x00
2191: 0x00
2192: 0x01
2193: 0x20
2194: 0x00
2195: 0x00
2196: 0x00
2197: 0x00
2198: 0x00
2199: 0x00
2200: 0x00
2201: 0x00
2202: 0x00
2203: 0x00
2204: 0x00
2205: 0x00
2206: 0x00
2207: 0x00
2208: 0x00
2209: 0x00
2210: 0x00
2211: 0x00
2212: 0x00
2213: 0x00
2214: 0x00
2215: 0x00
2216: 0x31
2217: 0x9f
2218: 0x05
2219: 0x01
2220: 0x40
2221: 0x00
2222: 0x00
2223: 0x00
2224: 0x00
2225: 0x00
2226: 0x00
2227: 0x00
2228: 0x00
2229: 0x00
2230: 0x00
2231: 0x00
2232: 0xff
2233: 0x00
2234: 0x00
2235: 0x00
2236: 0x01
2237: 0x00
2238: 0x00
2239: 0x00
2240: 0x80
2241: 0x00
2242: 0x00
2243: 0x00
2244: 0x44
2245: 0x00
2246: 0x00
2247: 0x00
2248: 0x00
2249: 0x00
2250: 0x00
2251: 0x00
2252: 0x00
2253: 0x00
2254: 0x00
2255: 0x00
2256: 0x00
2257: 0x00
2258: 0x00
2259: 0x00
2260: 0x00
2261: 0x00
2262: 0x00
2263: 0x00
2264: 0x00
2265: 0x00
2266: 0x00
2267: 0x00
2268: 0x00
2269: 0x00
2270: 0x00
2271: 0x00
2272: 0x00
2273: 0x00
2274: 0x00
2275: 0x00
2276: 0x00
2277: 0x00
2278: 0x00
2279: 0x00
2280: 0x00
2281: 0x00
2282: 0x00
2283: 0x00
2284: 0x00
2285: 0x00
2286: 0x00
2287: 0x00
2288: 0x00
2289: 0x00
2290: 0x00
2291: 0x00
2292: 0x00
2293: 0x00
2294: 0x00
2295: 0x00
2296: 0x2a
2297: 0x30
2298: 0x37
2299: 0x34
2300: 0x2a
2301: 0x2a
2302: 0x61
2303: 0x67
2304: 0x00
2305: 0x00
2306: 0x00
2307: 0x00
2308: 0x00
2309: 0x00
2310: 0x00
2311: 0x00
2312: 0x00
2313: 0x00
2314: 0x00
2315: 0x00
2316: 0x00
2317: 0x00
2318: 0x00
2319: 0x00
2320: 0x00
2321: 0x00
2322: 0x00
2323: 0x00
2324: 0x00
2325: 0x00
2326: 0x00
2327: 0x00
2328: 0x00
2329: 0x00
2330: 0x00
2331: 0x00
2332: 0x00
2333: 0x00
2334: 0x00
2335: 0x00
2336: 0x00
2337: 0x00
2338: 0x00
2339: 0x00
2340: 0x00
2341: 0x00
2342: 0x00
2343: 0x00
2344: 0x00
2345: 0x00
2346: 0x00
2347: 0x00
2348: 0x00
2349: 0x00
2350: 0x00
2351: 0x00
2352: 0x00
2353: 0x00
2354: 0x00
2355: 0x00
2356: 0x00
2357: 0x00
2358: 0x00
2359: 0x00
2360: 0x00
2361: 0x00
2362: 0x00
2363: 0x00
2364: 0x00
2365: 0x00
2366: 0x00
2367: 0x00
2368: 0x00
2369: 0x00
2370: 0x00
2371: 0x00
2372: 0x00
2373: 0x00
2374: 0x00
2375: 0x00
2376: 0x00
2377: 0x00
2378: 0x00
2379: 0x00
2380: 0x00
2381: 0x00
2382: 0x00
2383: 0x00
2384: 0x00
2385: 0x00
2386: 0x00
2387: 0x00
2388: 0x00
2389: 0x00
2390: 0x00
2391: 0x00
2392: 0x00
2393: 0x00
2394: 0x00
2395: 0x00
2396: 0x00
2397: 0x00
2398: 0x00
2399: 0x00
2400: 0x00
2401: 0x00
2402: 0x00
2403: 0x00
2404: 0x00
2405: 0x00
2406: 0x00
2407: 0x00
2408: 0x00
2409: 0x00
2410: 0x00
2411: 0x00
2412: 0x00
2413: 0x00
2414: 0x00
2415: 0x00
2416: 0x00
2417: 0x00
2418: 0x00
2419: 0x00
2420: 0x00
2421: 0x00
2422: 0x00
2423: 0x00
2424: 0x00
2425: 0x00
2426: 0x00
2427: 0x00
2428: 0x00
2429: 0x00
2430: 0x00
2431: 0x00
2432: 0x00
2433: 0x00
2434: 0x00
2435: 0x00
2436: 0x00
2437: 0x00
2438: 0x00
2439: 0x00
2440: 0x00
2441: 0x00
2442: 0x00
2443: 0x00
2444: 0x00
2445: 0x00
2446: 0x00
2447: 0x00
2448: 0x00
2449: 0x00
2450: 0x00
2451: 0x00
2452: 0x00
2453: 0x00
2454: 0x00
2455: 0x00
2456: 0x00
2457: 0x00
2458: 0x00
2459: 0x00
2460: 0x00
2461: 0x00
2462: 0x00
2463: 0x00
2464: 0x00
2465: 0x00
2466: 0x00
2467: 0x00
2468: 0x00
2469: 0x00
2470: 0x00
2471: 0x00
2472: 0x00
2473: 0x00
2474: 0x00
2475: 0x00
2476: 0x00
2477: 0x00
2478: 0x00
2479: 0x00
2480: 0x00
2481: 0x00
2482: 0x00
2483: 0x00
2484: 0x00
2485: 0x00
2486: 0x00
2487: 0x00
2488: 0x00
2489: 0x00
2490: 0x00
2491: 0x00
2492: 0x00
2493: 0x00
2494: 0x00
2495: 0x00
2496: 0x00
2497: 0x00
2498: 0x00
2499: 0x00
2500: 0x00
2501: 0x00
2502: 0x00
2503: 0x00
2504: 0x00
2505: 0x00
2506: 0x00
2507: 0x00
2508: 0x00
2509: 0x00
2510: 0x00
2511: 0x00
2512: 0x00
2513: 0x00
2514: 0x00
2515: 0x00
2516: 0x00
2517: 0x00
2518: 0x00
2519: 0x00
2520: 0x00
2521: 0x00
2522: 0x00
2523: 0x00
2524: 0x00
2525: 0x00
2526: 0x00
2527: 0x00
2528: 0x00
2529: 0x00
2530: 0x00
2531: 0x00
2532: 0x00
2533: 0x00
2534: 0x00
2535: 0x00
2536: 0x00
2537: 0x00
2538: 0x00
2539: 0x00
2540: 0x00
2541: 0x00
2542: 0x00
2543: 0x00
2544: 0x00
2545: 0x00
2546: 0x00
2547: 0x00
2548: 0x00
2549: 0x00
2550: 0x00
2551: 0x00
2552: 0x00
2553: 0x00
2554: 0x00
2555: 0x00
2556: 0x00
2557: 0x00
2558: 0x00
2559: 0x00
2560: 0x00
2561: 0x00
2562: 0x00
2563: 0x00
2564: 0x00
2565: 0x00
2566: 0x00
2567: 0x00
2568: 0x00
2569: 0x00
2570: 0x00
2571: 0x00
2572: 0x00
2573: 0x00
2574: 0x00
2575: 0x00
2576: 0x00
2577: 0x00
2578: 0x00
2579: 0x00
2580: 0x00
2581: 0x00
2582: 0x00
2583: 0x00
2584: 0x00
2585: 0x00
2586: 0x00
2587: 0x00
2588: 0x00
2589: 0x00
2590: 0x00
2591: 0x00
2592: 0x00
2593: 0x00
2594: 0x00
2595: 0x00
2596: 0x00
2597: 0x00
2598: 0x00
2599: 0x00
2600: 0x00
2601: 0x00
2602: 0x00
2603: 0x00
2604: 0x00
2605: 0x00
2606: 0x00
2607: 0x00
2608: 0x00
2609: 0x00
2610: 0x00
2611: 0x00
2612: 0x00
2613: 0x00
2614: 0x00
2615: 0x00
2616: 0x00
2617: 0x00
2618: 0x00
2619: 0x00
2620: 0x00
2621: 0x00
2622: 0x00
2623: 0x00
2624: 0x00
2625: 0x00
2626: 0x00
2627: 0x00
2628: 0x00
2629: 0x00
2630: 0x00
2631: 0x00
2632: 0x00
2633: 0x00
2634: 0x00
2635: 0x00
2636: 0x00
2637: 0x00
2638: 0x00
2639: 0x00
2640: 0x00
2641: 0x00
2642: 0x00
2643: 0x00
2644: 0x00
2645: 0x00
2646: 0x00
2647: 0x00
2648: 0x00
2649: 0x00
2650: 0x00
2651: 0x00
2652: 0x00
2653: 0x00
2654: 0x00
2655: 0x00
2656: 0x00
2657: 0x00
2658: 0x00
2659: 0x00
2660: 0x00
2661: 0x00
2662: 0x00
2663: 0x00
2664: 0x00
2665: 0x00
2666: 0x00
2667: 0x00
2668: 0x00
2669: 0x00
2670: 0x00
2671: 0x00
2672: 0x00
2673: 0x00
2674: 0x00
2675: 0x00
2676: 0x00
2677: 0x00
2678: 0x00
2679: 0x00
2680: 0x00
2681: 0x00
2682: 0x00
2683: 0x00
2684: 0x00
2685: 0x00
2686: 0x00
2687: 0x00
2688: 0x00
2689: 0x00
2690: 0x00
2691: 0x00
2692: 0x00
2693: 0x00
2694: 0x00
2695: 0x00
2696: 0x00
2697: 0x00
2698: 0x00
2699: 0x00
2700: 0x00
2701: 0x00
2702: 0x00
2703: 0x00
2704: 0x00
2705: 0x00
2706: 0x00
2707: 0x00
2708: 0x00
2709: 0x00
2710: 0x00
2711: 0x00
2712: 0x00
2713: 0x00
2714: 0x00
2715: 0x00
2716: 0x00
2717: 0x00
2718: 0x00
2719: 0x00
2720: 0x00
2721: 0x00
2722: 0x00
2723: 0x00
2724: 0x00
2725: 0x00
2726: 0x00
2727: 0x00
2728: 0x00
2729: 0x00
2730: 0x00
2731: 0x00
2732: 0x00
2733: 0x00
2734: 0x00
2735: 0x00
2736: 0x00
2737: 0x00
2738: 0x00
2739: 0x00
2740: 0x00
2741: 0x00
2742: 0x00
2743: 0x00
2744: 0x00
2745: 0x00
2746: 0x00
2747: 0x00
2748: 0x00
2749: 0x00
2750: 0x00
2751: 0x00
2752: 0x00
2753: 0x00
2754: 0x00
2755: 0x00
2756: 0x00
2757: 0x00
2758: 0x00
2759: 0x00
2760: 0x00
2761: 0x00
2762: 0x00
2763: 0x00
2764: 0x00
2765: 0x00
2766: 0x00
2767: 0x00
2768: 0x00
2769: 0x00
2770: 0x00
2771: 0x00
2772: 0x00
2773: 0x00
2774: 0x00
2775: 0x00
2776: 0x00
2777: 0x00
2778: 0x00
2779: 0x00
2780: 0x00
2781: 0x00
2782: 0x00
2783: 0x00
2784: 0x00
2785: 0x00
2786: 0x00
2787: 0x00
2788: 0x00
2789: 0x00
2790: 0x00
2791: 0x00
2792: 0x00
2793: 0x00
2794: 0x00
2795: 0x00
2796: 0x00
2797: 0x00
2798: 0x00
2799: 0x00
2800: 0x00
2801: 0x00
2802: 0x00
2803: 0x00
2804: 0x00
2805: 0x00
2806: 0x00
2807: 0x00
2808: 0x00
2809: 0x00
2810: 0x00
2811: 0x00
2812: 0x00
2813: 0x00
2814: 0x00
2815: 0x00
2816: 0x00
2817: 0x00
2818: 0x00
2819: 0x00
2820: 0x00
2821: 0x00
2822: 0x00
2823: 0x00
2824: 0x00
2825: 0x00
2826: 0x00
2827: 0x00
2828: 0x00
2829: 0x00
2830: 0x00
2831: 0x00
2832: 0x00
2833: 0x00
2834: 0x00
2835: 0x00
2836: 0x00
2837: 0x00
2838: 0x00
2839: 0x00
2840: 0x00
2841: 0x00
2842: 0x00
2843: 0x00
2844: 0x00
2845: 0x00
2846: 0x00
2847: 0x00
2848: 0x00
2849: 0x00
2850: 0x00
2851: 0x00
2852: 0x00
2853: 0x00
2854: 0x00
2855: 0x00
2856: 0x00
2857: 0x00
2858: 0x00
2859: 0x00
2860: 0x00
2861: 0x00
2862: 0x00
2863: 0x00
2864: 0x00
2865: 0x00
2866: 0x00
2867: 0x00
2868: 0x00
2869: 0x00
2870: 0x00
2871: 0x00
2872: 0x00
2873: 0x00
2874: 0x00
2875: 0x00
2876: 0x00
2877: 0x00
2878: 0x00
2879: 0x00
2880: 0x0a
2881: 0x00
2882: 0x00
2883: 0x00
2884: 0x00
2885: 0x00
2886: 0x00
2887: 0x00
2888: 0x00
2889: 0x00
2890: 0x00
2891: 0x00
2892: 0x00
2893: 0x00
2894: 0x00
2895: 0x00
2896: 0x00
2897: 0x00
2898: 0x00
2899: 0x00
2900: 0x00
2901: 0x00
2902: 0x00
2903: 0x00
2904: 0x00
2905: 0x00
2906: 0x00
2907: 0x00
2908: 0x00
2909: 0x00
2910: 0x00
2911: 0x00
2912: 0x00
2913: 0x00
2914: 0x00
2915: 0x00
2916: 0x00
2917: 0x00
2918: 0x00
2919: 0x00
2920: 0x00
2921: 0x00
2922: 0x00
2923: 0x00
2924: 0x00
2925: 0x00
2926: 0x00
2927: 0x00
2928: 0x00
2929: 0x00
2930: 0x00
2931: 0x00
2932: 0x00
2933: 0x00
2934: 0x00
2935: 0x00
2936: 0x00
2937: 0x00
2938: 0x00
2939: 0x00
2940: 0x00
2941: 0x00
2942: 0x00
2943: 0x00
2944: 0x00
2945: 0x00
2946: 0x00
2947: 0x00
2948: 0x00
2949: 0x00
2950: 0x00
2951: 0x00
2952: 0x00
2953: 0x00
2954: 0x00
2955: 0x00
2956: 0x00
2957: 0x00
2958: 0x00
2959: 0x00
2960: 0x00
2961: 0x00
2962: 0x00
2963: 0x00
2964: 0x00
2965: 0x00
2966: 0x00
2967: 0x00
2968: 0x00
2969: 0x00
2970: 0x00
2971: 0x00
2972: 0x00
2973: 0x00
2974: 0x00
2975: 0x00
2976: 0x00
2977: 0x00
2978: 0x00
2979: 0x00
2980: 0x00
2981: 0x00
2982: 0x00
2983: 0x00
2984: 0x00
2985: 0x00
2986: 0x00
2987: 0x00
2988: 0x00
2989: 0x00
2990: 0x00
2991: 0x00
2992: 0x00
2993: 0x00
2994: 0x00
2995: 0x00
2996: 0x00
2997: 0x00
2998: 0x00
2999: 0x00
3000: 0x00
3001: 0x00
3002: 0x00
3003: 0x00
3004: 0x00
3005: 0x00
3006: 0x00
3007: 0x00
3008: 0x00
3009: 0x00
3010: 0x00
3011: 0x00
3012: 0x00
3013: 0x00
3014: 0x00
3015: 0x00
3016: 0x00
3017: 0x00
3018: 0x00
3019: 0x00
3020: 0x00
3021: 0x00
3022: 0x00
3023: 0x00
3024: 0x00
3025: 0x00
3026: 0x00
3027: 0x00
3028: 0x00
3029: 0x00
3030: 0x00
3031: 0x00
3032: 0x00
3033: 0x00
3034: 0x00
3035: 0x00
3036: 0x00
3037: 0x00
3038: 0x00
3039: 0x00
3040: 0x00
3041: 0x00
3042: 0x00
3043: 0x00
3044: 0x00
3045: 0x00
3046: 0x00
3047: 0x00
3048: 0x00
3049: 0x00
3050: 0x00
3051: 0x00
3052: 0x00
3053: 0x00
3054: 0x00
3055: 0x00
3056: 0x00
3057: 0x00
3058: 0x00
3059: 0x00
3060: 0x00
3061: 0x00
3062: 0x00
3063: 0x00
3064: 0x00
3065: 0x00
3066: 0x00
3067: 0x00
3068: 0x00
3069: 0x00
3070: 0x00
3071: 0x00
3072: 0x00
3073: 0x00
3074: 0x00
3075: 0x00
3076: 0x00
3077: 0x00
3078: 0x00
3079: 0x00
3080: 0x00
3081: 0x00
3082: 0x00
3083: 0x00
3084: 0x00
3085: 0x00
3086: 0x00
3087: 0x00
3088: 0x00
3089: 0x00
3090: 0x00
3091: 0x00
3092: 0x00
3093: 0x00
3094: 0x00
3095: 0x00
3096: 0x00
3097: 0x00
3098: 0x00
3099: 0x00
3100: 0x00
3101: 0x00
3102: 0x00
3103: 0x00
3104: 0x00
3105: 0x00
3106: 0x00
3107: 0x00
3108: 0x00
3109: 0x00
3110: 0x00
3111: 0x00
3112: 0x00
3113: 0x00
3114: 0x00
3115: 0x00
3116: 0x00
3117: 0x00
3118: 0x00
3119: 0x00
3120: 0x00
3121: 0x00
3122: 0x00
3123: 0x00
3124: 0x00
3125: 0x00
3126: 0x00
3127: 0x00
3128: 0x00
3129: 0x00
3130: 0x00
3131: 0x00
3132: 0x00
3133: 0x00
3134: 0x00
3135: 0x00
3136: 0x00
3137: 0x00
3138: 0x00
3139: 0x00
3140: 0x00
3141: 0x00
3142: 0x00
3143: 0x00
3144: 0x00
3145: 0x00
3146: 0x00
3147: 0x00
3148: 0x00
3149: 0x00
3150: 0x00
3151: 0x00
3152: 0x00
3153: 0x00
3154: 0x00
3155: 0x00
3156: 0x00
3157: 0x00
3158: 0x00
3159: 0x00
3160: 0x00
3161: 0x00
3162: 0x00
3163: 0x00
3164: 0x00
3165: 0x00
3166: 0x00
3167: 0x00
3168: 0x00
3169: 0x00
3170: 0x00
3171: 0x00
3172: 0x00
3173: 0x00
3174: 0x00
3175: 0x00
3176: 0x00
3177: 0x00
3178: 0x00
3179: 0x00
3180: 0x00
3181: 0x00
3182: 0x00
3183: 0x00
3184: 0x00
3185: 0x00
3186: 0x00
3187: 0x00
3188: 0x00
3189: 0x00
3190: 0x00
3191: 0x00
3192: 0x00
3193: 0x00
3194: 0x00
3195: 0x00
3196: 0x00
3197: 0x00
3198: 0x00
3199: 0x00
3200: 0x00
3201: 0x00
3202: 0x00
3203: 0x00
3204: 0x00
3205: 0x00
3206: 0x00
3207: 0x00
3208: 0x00
3209: 0x00
3210: 0x00
3211: 0x00
3212: 0x00
3213: 0x00
3214: 0x00
3215: 0x00
3216: 0x00
3217: 0x00
3218: 0x00
3219: 0x00
3220: 0x00
3221: 0x00
3222: 0x00
3223: 0x00
3224: 0x00
3225: 0x00
3226: 0x00
3227: 0x00
3228: 0x00
3229: 0x00
3230: 0x00
3231: 0x00
3232: 0x00
3233: 0x00
3234: 0x00
3235: 0x00
3236: 0x00
3237: 0x00
3238: 0x00
3239: 0x00
3240: 0x00
3241: 0x00
3242: 0x00
3243: 0x00
3244: 0x00
3245: 0x00
3246: 0x00
3247: 0x00
3248: 0x00
3249: 0x00
3250: 0x00
3251: 0x00
3252: 0x00
3253: 0x00
3254: 0x00
3255: 0x00
3256: 0x00
3257: 0x00
3258: 0x00
3259: 0x00
3260: 0x00
3261: 0x00
3262: 0x00
3263: 0x00
3264: 0x00
3265: 0x00
3266: 0x00
3267: 0x00
3268: 0x00
3269: 0x00
3270: 0x00
3271: 0x00
3272: 0x00
3273: 0x00
3274: 0x00
3275: 0x00
3276: 0x00
3277: 0x00
3278: 0x00
3279: 0x00
3280: 0x00
3281: 0x00
3282: 0x00
3283: 0x00
3284: 0x00
3285: 0x00
3286: 0x00
3287: 0x00
3288: 0x00
3289: 0x00
3290: 0x00
3291: 0x00
3292: 0x00
3293: 0x00
3294: 0x00
3295: 0x00
3296: 0x00
3297: 0x00
3298: 0x00
3299: 0x00
3300: 0x00
3301: 0x00
3302: 0x00
3303: 0x00
3304: 0x00
3305: 0x00
3306: 0x00
3307: 0x00
3308: 0x00
3309: 0x00
3310: 0x00
3311: 0x00
3312: 0x00
3313: 0x00
3314: 0x00
3315: 0x00
3316: 0x00
3317: 0x00
3318: 0x00
3319: 0x00
3320: 0x00
3321: 0x00
3322: 0x00
3323: 0x00
3324: 0x00
3325: 0x00
3326: 0x00
3327: 0x00
3328: 0x00
3329: 0x00
3330: 0x00
3331: 0x00
3332: 0x00
3333: 0x00
3334: 0x00
3335: 0x00
3336: 0x00
3337: 0x00
3338: 0x00
3339: 0x00
3340: 0x00
3341: 0x00
3342: 0x00
3343: 0x00
3344: 0x00
3345: 0x00
3346: 0x00
3347: 0x00
3348: 0x00
3349: 0x00
3350: 0x00
3351: 0x00
3352: 0x00
3353: 0x00
3354: 0x00
3355: 0x00
3356: 0x00
3357: 0x00
3358: 0x00
3359: 0x00
3360: 0x00
3361: 0x00
3362: 0x00
3363: 0x00
3364: 0x00
3365: 0x00
3366: 0x00
3367: 0x00
3368: 0x00
3369: 0x00
3370: 0x00
3371: 0x00
3372: 0x00
3373: 0x00
3374: 0x00
3375: 0x00
3376: 0x00
3377: 0x00
3378: 0x00
3379: 0x00
3380: 0x00
3381: 0x00
3382: 0x00
3383: 0x00
3384: 0x00
3385: 0x00
3386: 0x00
3387: 0x00
3388: 0x00
3389: 0x00
3390: 0x00
3391: 0x00
3392: 0x00
3393: 0x00
3394: 0x00
3395: 0x00
3396: 0x00
3397: 0x00
3398: 0x00
3399: 0x00
3400: 0x00
3401: 0x00
3402: 0x00
3403: 0x00
3404: 0x00
3405: 0x00
3406: 0x00
3407: 0x00
3408: 0x00
3409: 0x00
3410: 0x00
3411: 0x00
3412: 0x00
3413: 0x00
3414: 0x00
3415: 0x00
3416: 0x00
3417: 0x00
3418: 0x00
3419: 0x00
3420: 0x00
3421: 0x00
3422: 0x00
3423: 0x00
3424: 0x00
3425: 0x00
3426: 0x00
3427: 0x00
3428: 0x00
3429: 0x00
3430: 0x00
3431: 0x00
3432: 0x00
3433: 0x00
3434: 0x00
3435: 0x00
3436: 0x00
3437: 0x00
3438: 0x00
3439: 0x00
3440: 0x00
3441: 0x00
3442: 0x00
3443: 0x00
3444: 0x00
3445: 0x00
3446: 0x00
3447: 0x00
3448: 0x00
3449: 0x00
3450: 0x00
3451: 0x00
3452: 0x00
3453: 0x00
3454: 0x00
3455: 0x00
3456: 0x00
3457: 0x00
3458: 0x00
3459: 0x00
3460: 0x00
3461: 0x00
3462: 0x00
3463: 0x00
3464: 0x00
3465: 0x00
3466: 0x00
3467: 0x00
3468: 0x00
3469: 0x00
3470: 0x00
3471: 0x00
3472: 0x00
3473: 0x00
3474: 0x00
3475: 0x00
3476: 0x00
3477: 0x00
3478: 0x00
3479: 0x00
3480: 0x00
3481: 0x00
3482: 0x00
3483: 0x00
3484: 0x00
3485: 0x00
3486: 0x00
3487: 0x00
3488: 0x00
3489: 0x00
3490: 0x00
3491: 0x00
3492: 0x00
3493: 0x00
3494: 0x00
3495: 0x00
3496: 0x00
3497: 0x00
3498: 0x00
3499: 0x00
3500: 0x00
3501: 0x00
3502: 0x00
3503: 0x00
3504: 0x00
3505: 0x00
3506: 0x00
3507: 0x00
3508: 0x00
3509: 0x00
3510: 0x00
3511: 0x00
3512: 0x00
3513: 0x00
3514: 0x00
3515: 0x00
3516: 0x00
3517: 0x00
3518: 0x00
3519: 0x00
3520: 0x00
3521: 0x00
3522: 0x00
3523: 0x00
3524: 0x00
3525: 0x00
3526: 0x00
3527: 0x00
3528: 0x00
3529: 0x00
3530: 0x00
3531: 0x00
3532: 0x00
3533: 0x00
3534: 0x00
3535: 0x00
3536: 0x00
3537: 0x00
3538: 0x00
3539: 0x00
3540: 0x00
3541: 0x00
3542: 0x00
3543: 0x00
3544: 0x00
3545: 0x00
3546: 0x00
3547: 0x00
3548: 0x00
3549: 0x00
3550: 0x00
3551: 0x00
3552: 0x00
3553: 0x00
3554: 0x00
3555: 0x00
3556: 0x00
3557: 0x00
3558: 0x00
3559: 0x00
3560: 0x00
3561: 0x00
3562: 0x00
3563: 0x00
3564: 0x00
3565: 0x00
3566: 0x00
3567: 0x00
3568: 0x00
3569: 0x00
3570: 0x00
3571: 0x00
3572: 0x00
3573: 0x00
3574: 0x00
3575: 0x00
3576: 0x00
3577: 0x00
3578: 0x00
3579: 0x00
3580: 0x00
3581: 0x00
3582: 0x00
3583: 0x00
3584: 0x00
3585: 0x00
3586: 0x00
3587: 0x00
3588: 0x00
3589: 0x00
3590: 0x00
3591: 0x00
3592: 0x00
3593: 0x00
3594: 0x00
3595: 0x00
3596: 0x00
3597: 0x00
3598: 0x00
3599: 0x00
3600: 0x00
3601: 0x00
3602: 0x00
3603: 0x00
3604: 0x00
3605: 0x00
3606: 0x00
3607: 0x00
3608: 0x00
3609: 0x00
3610: 0x00
3611: 0x00
3612: 0x00
3613: 0x00
3614: 0x00
3615: 0x00
3616: 0x00
3617: 0x00
3618: 0x00
3619: 0x00
3620: 0x00
3621: 0x00
3622: 0x00
3623: 0x00
3624: 0x00
3625: 0x00
3626: 0x00
3627: 0x00
3628: 0x00
3629: 0x00
3630: 0x00
3631: 0x00
3632: 0x00
3633: 0x00
3634: 0x00
3635: 0x00
3636: 0x00
3637: 0x00
3638: 0x00
3639: 0x00
3640: 0x00
3641: 0x00
3642: 0x00
3643: 0x00
3644: 0x00
3645: 0x00
3646: 0x00
3647: 0x00
3648: 0x00
3649: 0x00
3650: 0x00
3651: 0x00
3652: 0x00
3653: 0x00
3654: 0x00
3655: 0x00
3656: 0x00
3657: 0x00
3658: 0x00
3659: 0x00
3660: 0x00
3661: 0x00
3662: 0x00
3663: 0x00
3664: 0x00
3665: 0x00
3666: 0x00
3667: 0x00
3668: 0x00
3669: 0x00
3670: 0x00
3671: 0x00
3672: 0x00
3673: 0x00
3674: 0x00
3675: 0x00
3676: 0x00
3677: 0x00
3678: 0x00
3679: 0x00
3680: 0x00
3681: 0x00
3682: 0x00
3683: 0x00
3684: 0x00
3685: 0x00
3686: 0x00
3687: 0x00
3688: 0x00
3689: 0x00
3690: 0x00
3691: 0x00
3692: 0x00
3693: 0x00
3694: 0x00
3695: 0x00
3696: 0x00
3697: 0x00
3698: 0x00
3699: 0x00
3700: 0x00
3701: 0x00
3702: 0x00
3703: 0x00
3704: 0x00
3705: 0x00
3706: 0x00
3707: 0x00
3708: 0x00
3709: 0x00
3710: 0x00
3711: 0x00
3712: 0x00
3713: 0x00
3714: 0x00
3715: 0x00
3716: 0x00
3717: 0x00
3718: 0x00
3719: 0x00
3720: 0x00
3721: 0x00
3722: 0x00
3723: 0x00
3724: 0x00
3725: 0x00
3726: 0x00
3727: 0x00
3728: 0x00
3729: 0x00
3730: 0x00
3731: 0x00
3732: 0x00
3733: 0x00
3734: 0x00
3735: 0x00
3736: 0x00
3737: 0x00
3738: 0x00
3739: 0x00
3740: 0x00
3741: 0x00
3742: 0x00
3743: 0x00
3744: 0x00
3745: 0x00
3746: 0x00
3747: 0x00
3748: 0x00
3749: 0x00
3750: 0x00
3751: 0x00
3752: 0x00
3753: 0x00
3754: 0x00
3755: 0x00
3756: 0x00
3757: 0x00
3758: 0x00
3759: 0x00
3760: 0x00
3761: 0x00
3762: 0x00
3763: 0x00
3764: 0x00
3765: 0x00
3766: 0x00
3767: 0x00
3768: 0x00
3769: 0x00
3770: 0x00
3771: 0x00
3772: 0x00
3773: 0x00
3774: 0x00
3775: 0x00
3776: 0x00
3777: 0x00
3778: 0x00
3779: 0x00
3780: 0x00
3781: 0x00
3782: 0x00
3783: 0x00
3784: 0x00
3785: 0x00
3786: 0x00
3787: 0x00
3788: 0x00
3789: 0x00
3790: 0x00
3791: 0x00
3792: 0x00
3793: 0x00
3794: 0x00
3795: 0x00
3796: 0x00
3797: 0x00
3798: 0x00
3799: 0x00
3800: 0x00
3801: 0x00
3802: 0x00
3803: 0x00
3804: 0x00
3805: 0x00
3806: 0x00
3807: 0x00
3808: 0x00
3809: 0x00
3810: 0x00
3811: 0x00
3812: 0x00
3813: 0x00
3814: 0x00
3815: 0x00
3816: 0x00
3817: 0x00
3818: 0x00
3819: 0x00
3820: 0x00
3821: 0x00
3822: 0x00
3823: 0x00
3824: 0x00
3825: 0x00
3826: 0x00
3827: 0x00
3828: 0x00
3829: 0x00
3830: 0x00
3831: 0x00
3832: 0x00
3833: 0x00
3834: 0x00
3835: 0x00
3836: 0x00
3837: 0x00
3838: 0x00
3839: 0x00
3840: 0x00
3841: 0x00
3842: 0x00
3843: 0x00
3844: 0x00
3845: 0x00
3846: 0x00
3847: 0x00
3848: 0x00
3849: 0x00
3850: 0x00
3851: 0x00
3852: 0x00
3853: 0x00
3854: 0x00
3855: 0x00
3856: 0x00
3857: 0x00
3858: 0x00
3859: 0x00
3860: 0x00
3861: 0x00
3862: 0x00
3863: 0x00
3864: 0x00
3865: 0x00
3866: 0x00
3867: 0x00
3868: 0x00
3869: 0x00
3870: 0x00
3871: 0x00
3872: 0x00
3873: 0x00
3874: 0x00
3875: 0x00
3876: 0x00
3877: 0x00
3878: 0x00
3879: 0x00
3880: 0x00
3881: 0x00
3882: 0x00
3883: 0x00
3884: 0x00
3885: 0x00
3886: 0x00
3887: 0x00
3888: 0x00
3889: 0x00
3890: 0x00
3891: 0x00
3892: 0x00
3893: 0x00
3894: 0x00
3895: 0x00
3896: 0x00
3897: 0x00
3898: 0x00
3899: 0x00
3900: 0x00
3901: 0x00
3902: 0x00
3903: 0x00
3904: 0x00
3905: 0x00
3906: 0x00
3907: 0x00
3908: 0x00
3909: 0x00
3910: 0x00
3911: 0x00
3912: 0x00
3913: 0x00
3914: 0x00
3915: 0x00
3916: 0x00
3917: 0x00
3918: 0x00
3919: 0x00
3920: 0x00
3921: 0x00
3922: 0x00
3923: 0x00
3924: 0x00
3925: 0x00
3926: 0x00
3927: 0x00
3928: 0x00
3929: 0x00
3930: 0x00
3931: 0x00
3932: 0x00
3933: 0x00
3934: 0x00
3935: 0x00
3936: 0x00
3937: 0x00
3938: 0x00
3939: 0x00
3940: 0x00
3941: 0x00
3942: 0x00
3943: 0x00
3944: 0x00
3945: 0x00
3946: 0x00
3947: 0x00
3948: 0x00
3949: 0x00
3950: 0x00
3951: 0x00
3952: 0x00
3953: 0x00
3954: 0x00
3955: 0x00
3956: 0x00
3957: 0x00
3958: 0x00
3959: 0x00
3960: 0x00
3961: 0x00
3962: 0x00
3963: 0x00
3964: 0x00
3965: 0x00
3966: 0x00
3967: 0x00
3968: 0x00
3969: 0x00
3970: 0x00
3971: 0x00
3972: 0x00
3973: 0x00
3974: 0x00
3975: 0x00
3976: 0x00
3977: 0x00
3978: 0x00
3979: 0x00
3980: 0x00
3981: 0x00
3982: 0x00
3983: 0x00
3984: 0x00
3985: 0x00
3986: 0x00
3987: 0x00
3988: 0x00
3989: 0x00
3990: 0x00
3991: 0x00
3992: 0x00
3993: 0x00
3994: 0x00
3995: 0x00
3996: 0x00
3997: 0x00
3998: 0x00
3999: 0x00
4000: 0x00
4001: 0x00
4002: 0x00
4003: 0x00
4004: 0x00
4005: 0x00
4006: 0x00
4007: 0x00
4008: 0x00
4009: 0x00
4010: 0x00
4011: 0x00
4012: 0x00
4013: 0x00
4014: 0x00
4015: 0x00
4016: 0x00
4017: 0x00
4018: 0x00
4019: 0x00
4020: 0x00
4021: 0x00
4022: 0x00
4023: 0x00
4024: 0x00
4025: 0x00
4026: 0x00
4027: 0x00
4028: 0x00
4029: 0x00
4030: 0x00
4031: 0x00
4032: 0x00
4033: 0x00
4034: 0x00
4035: 0x00
4036: 0x00
4037: 0x00
4038: 0x00
4039: 0x00
4040: 0x00
4041: 0x00
4042: 0x00
4043: 0x00
4044: 0x00
4045: 0x00
4046: 0x00
4047: 0x00
4048: 0x00
4049: 0x00
4050: 0x00
4051: 0x00
4052: 0x00
4053: 0x00
4054: 0x00
4055: 0x00
4056: 0x00
4057: 0x00
4058: 0x00
4059: 0x00
4060: 0x00
4061: 0x00
4062: 0x00
4063: 0x00
4064: 0x00
4065: 0x00
4066: 0x00
4067: 0x00
4068: 0x00
4069: 0x00
4070: 0x00
4071: 0x00
4072: 0x00
4073: 0x00
4074: 0x00
4075: 0x00
4076: 0x00
4077: 0x00
4078: 0x00
4079: 0x00
4080: 0x00
4081: 0x00
4082: 0x00
4083: 0x00
4084: 0x00
4085: 0x00
4086: 0x00
4087: 0x00
4088: 0x00
4089: 0x00
4090: 0x00
4091: 0x00
4092: 0x00
4093: 0x00
4094: 0x00
4095: 0x00
